
> portfolio@0.1.0 build
> next build

▲ Next.js 16.1.0 (Turbopack)

  Creating an optimized production build ...

> Build error occurred
Error: Turbopack build failed with 3 errors:
./components/custom/sections/GithubSection.tsx:4:1
Export default doesn't exist in target module
[0m [90m 2 |[39m
 [90m 3 |[39m [36mimport[39m { [33mFadeIn[39m } [36mfrom[39m [32m"../ui/FadeIn"[39m[33m;[39m
[31m[1m>[22m[39m[90m 4 |[39m [36mimport[39m [33mGitHubCalendar[39m [36mfrom[39m [32m"react-github-calendar"[39m[33m;[39m
 [90m   |[39m [31m[1m^[22m[39m[31m[1m^[22m[39m[31m[1m^[22m[39m[31m[1m^[22m[39m[31m[1m^[22m[39m[31m[1m^[22m[39m[31m[1m^[22m[39m[31m[1m^[22m[39m[31m[1m^[22m[39m[31m[1m^[22m[39m[31m[1m^[22m[39m[31m[1m^[22m[39m[31m[1m^[22m[39m[31m[1m^[22m[39m[31m[1m^[22m[39m[31m[1m^[22m[39m[31m[1m^[22m[39m[31m[1m^[22m[39m[31m[1m^[22m[39m[31m[1m^[22m[39m[31m[1m^[22m[39m[31m[1m^[22m[39m[31m[1m^[22m[39m[31m[1m^[22m[39m[31m[1m^[22m[39m[31m[1m^[22m[39m[31m[1m^[22m[39m[31m[1m^[22m[39m[31m[1m^[22m[39m[31m[1m^[22m[39m[31m[1m^[22m[39m[31m[1m^[22m[39m[31m[1m^[22m[39m[31m[1m^[22m[39m[31m[1m^[22m[39m[31m[1m^[22m[39m[31m[1m^[22m[39m[31m[1m^[22m[39m[31m[1m^[22m[39m[31m[1m^[22m[39m[31m[1m^[22m[39m[31m[1m^[22m[39m[31m[1m^[22m[39m[31m[1m^[22m[39m[31m[1m^[22m[39m[31m[1m^[22m[39m[31m[1m^[22m[39m[31m[1m^[22m[39m[31m[1m^[22m[39m[31m[1m^[22m[39m[31m[1m^[22m[39m
 [90m 5 |[39m
 [90m 6 |[39m [36mexport[39m [36mconst[39m [33mGithubSection[39m [33m=[39m () [33m=>[39m {
 [90m 7 |[39m   [36mreturn[39m ([0m

The export default was not found in module [project]/node_modules/react-github-calendar/build/index.js [app-client] (ecmascript).
Did you mean to import GitHubCalendar?
All exports of the module are statically known (It doesn't have dynamic exports). So it's known statically that the requested export doesn't exist.

Import traces:
  Browser:
    ./components/custom/sections/GithubSection.tsx
    ./components/custom/MainPage.tsx
    ./pages/Landing.tsx

  SSR:
    ./components/custom/sections/GithubSection.tsx
    ./components/custom/MainPage.tsx
    ./pages/Landing.tsx

  Client Component Browser:
    ./components/custom/sections/GithubSection.tsx [Client Component Browser]
    ./components/custom/MainPage.tsx [Client Component Browser]
    ./pages/Landing.tsx [Client Component Browser]
    ./pages/Landing.tsx [Server Component]
    ./app/page.tsx [Server Component]

  Client Component SSR:
    ./components/custom/sections/GithubSection.tsx [Client Component SSR]
    ./components/custom/MainPage.tsx [Client Component SSR]
    ./pages/Landing.tsx [Client Component SSR]
    ./pages/Landing.tsx [Server Component]
    ./app/page.tsx [Server Component]


./components/custom/sections/GithubSection.tsx:4:1
Export default doesn't exist in target module
[0m [90m 2 |[39m
 [90m 3 |[39m [36mimport[39m { [33mFadeIn[39m } [36mfrom[39m [32m"../ui/FadeIn"[39m[33m;[39m
[31m[1m>[22m[39m[90m 4 |[39m [36mimport[39m [33mGitHubCalendar[39m [36mfrom[39m [32m"react-github-calendar"[39m[33m;[39m
 [90m   |[39m [31m[1m^[22m[39m[31m[1m^[22m[39m[31m[1m^[22m[39m[31m[1m^[22m[39m[31m[1m^[22m[39m[31m[1m^[22m[39m[31m[1m^[22m[39m[31m[1m^[22m[39m[31m[1m^[22m[39m[31m[1m^[22m[39m[31m[1m^[22m[39m[31m[1m^[22m[39m[31m[1m^[22m[39m[31m[1m^[22m[39m[31m[1m^[22m[39m[31m[1m^[22m[39m[31m[1m^[22m[39m[31m[1m^[22m[39m[31m[1m^[22m[39m[31m[1m^[22m[39m[31m[1m^[22m[39m[31m[1m^[22m[39m[31m[1m^[22m[39m[31m[1m^[22m[39m[31m[1m^[22m[39m[31m[1m^[22m[39m[31m[1m^[22m[39m[31m[1m^[22m[39m[31m[1m^[22m[39m[31m[1m^[22m[39m[31m[1m^[22m[39m[31m[1m^[22m[39m[31m[1m^[22m[39m[31m[1m^[22m[39m[31m[1m^[22m[39m[31m[1m^[22m[39m[31m[1m^[22m[39m[31m[1m^[22m[39m[31m[1m^[22m[39m[31m[1m^[22m[39m[31m[1m^[22m[39m[31m[1m^[22m[39m[31m[1m^[22m[39m[31m[1m^[22m[39m[31m[1m^[22m[39m[31m[1m^[22m[39m[31m[1m^[22m[39m[31m[1m^[22m[39m[31m[1m^[22m[39m[31m[1m^[22m[39m[31m[1m^[22m[39m
 [90m 5 |[39m
 [90m 6 |[39m [36mexport[39m [36mconst[39m [33mGithubSection[39m [33m=[39m () [33m=>[39m {
 [90m 7 |[39m   [36mreturn[39m ([0m

The export default was not found in module [project]/node_modules/react-github-calendar/build/index.js [app-ssr] (ecmascript).
Did you mean to import GitHubCalendar?
All exports of the module are statically known (It doesn't have dynamic exports). So it's known statically that the requested export doesn't exist.

Import traces:
  Browser:
    ./components/custom/sections/GithubSection.tsx
    ./components/custom/MainPage.tsx
    ./pages/Landing.tsx

  SSR:
    ./components/custom/sections/GithubSection.tsx
    ./components/custom/MainPage.tsx
    ./pages/Landing.tsx

  Client Component Browser:
    ./components/custom/sections/GithubSection.tsx [Client Component Browser]
    ./components/custom/MainPage.tsx [Client Component Browser]
    ./pages/Landing.tsx [Client Component Browser]
    ./pages/Landing.tsx [Server Component]
    ./app/page.tsx [Server Component]

  Client Component SSR:
    ./components/custom/sections/GithubSection.tsx [Client Component SSR]
    ./components/custom/MainPage.tsx [Client Component SSR]
    ./pages/Landing.tsx [Client Component SSR]
    ./pages/Landing.tsx [Server Component]
    ./app/page.tsx [Server Component]


./components/custom/sections/GithubSection.tsx:4:1
Export default doesn't exist in target module
[0m [90m 2 |[39m
 [90m 3 |[39m [36mimport[39m { [33mFadeIn[39m } [36mfrom[39m [32m"../ui/FadeIn"[39m[33m;[39m
[31m[1m>[22m[39m[90m 4 |[39m [36mimport[39m [33mGitHubCalendar[39m [36mfrom[39m [32m"react-github-calendar"[39m[33m;[39m
 [90m   |[39m [31m[1m^[22m[39m[31m[1m^[22m[39m[31m[1m^[22m[39m[31m[1m^[22m[39m[31m[1m^[22m[39m[31m[1m^[22m[39m[31m[1m^[22m[39m[31m[1m^[22m[39m[31m[1m^[22m[39m[31m[1m^[22m[39m[31m[1m^[22m[39m[31m[1m^[22m[39m[31m[1m^[22m[39m[31m[1m^[22m[39m[31m[1m^[22m[39m[31m[1m^[22m[39m[31m[1m^[22m[39m[31m[1m^[22m[39m[31m[1m^[22m[39m[31m[1m^[22m[39m[31m[1m^[22m[39m[31m[1m^[22m[39m[31m[1m^[22m[39m[31m[1m^[22m[39m[31m[1m^[22m[39m[31m[1m^[22m[39m[31m[1m^[22m[39m[31m[1m^[22m[39m[31m[1m^[22m[39m[31m[1m^[22m[39m[31m[1m^[22m[39m[31m[1m^[22m[39m[31m[1m^[22m[39m[31m[1m^[22m[39m[31m[1m^[22m[39m[31m[1m^[22m[39m[31m[1m^[22m[39m[31m[1m^[22m[39m[31m[1m^[22m[39m[31m[1m^[22m[39m[31m[1m^[22m[39m[31m[1m^[22m[39m[31m[1m^[22m[39m[31m[1m^[22m[39m[31m[1m^[22m[39m[31m[1m^[22m[39m[31m[1m^[22m[39m[31m[1m^[22m[39m[31m[1m^[22m[39m[31m[1m^[22m[39m[31m[1m^[22m[39m
 [90m 5 |[39m
 [90m 6 |[39m [36mexport[39m [36mconst[39m [33mGithubSection[39m [33m=[39m () [33m=>[39m {
 [90m 7 |[39m   [36mreturn[39m ([0m

The export default was not found in module [project]/node_modules/react-github-calendar/build/index.js [client] (ecmascript).
Did you mean to import GitHubCalendar?
All exports of the module are statically known (It doesn't have dynamic exports). So it's known statically that the requested export doesn't exist.

Import traces:
  Browser:
    ./components/custom/sections/GithubSection.tsx
    ./components/custom/MainPage.tsx
    ./pages/Landing.tsx

  SSR:
    ./components/custom/sections/GithubSection.tsx
    ./components/custom/MainPage.tsx
    ./pages/Landing.tsx

  Client Component Browser:
    ./components/custom/sections/GithubSection.tsx [Client Component Browser]
    ./components/custom/MainPage.tsx [Client Component Browser]
    ./pages/Landing.tsx [Client Component Browser]
    ./pages/Landing.tsx [Server Component]
    ./app/page.tsx [Server Component]

  Client Component SSR:
    ./components/custom/sections/GithubSection.tsx [Client Component SSR]
    ./components/custom/MainPage.tsx [Client Component SSR]
    ./pages/Landing.tsx [Client Component SSR]
    ./pages/Landing.tsx [Server Component]
    ./app/page.tsx [Server Component]


    at <unknown> (./components/custom/sections/GithubSection.tsx:4:1)
    at <unknown> (./components/custom/sections/GithubSection.tsx:4:1)
    at <unknown> (./components/custom/sections/GithubSection.tsx:4:1)
